#-----------------------------------------------------------
# Vivado v2018.3 (64-bit)
# SW Build 2405991 on Thu Dec  6 23:38:27 MST 2018
# IP Build 2404404 on Fri Dec  7 01:43:56 MST 2018
# Start of session at: Sat Aug  1 07:15:55 2020
# Process ID: 17992
# Current directory: D:/temp/xilinx/filter/lab4/lab4_filter
# Command line: vivado.exe -gui_launcher_event rodinguilauncherevent17700 D:\temp\xilinx\filter\lab4\lab4_filter\lab4_filter.xpr
# Log file: D:/temp/xilinx/filter/lab4/lab4_filter/vivado.log
# Journal file: D:/temp/xilinx/filter/lab4/lab4_filter\vivado.jou
#-----------------------------------------------------------
start_gui
open_project D:/temp/xilinx/filter/lab4/lab4_filter/lab4_filter.xpr
Scanning sources...
Finished scanning sources
INFO: [IP_Flow 19-234] Refreshing IP repositories
INFO: [IP_Flow 19-1704] No user IP repositories specified
INFO: [IP_Flow 19-2313] Loaded Vivado IP repository 'D:/program/vivado/Vivado/2018.3/data/ip'.
open_project: Time (s): cpu = 00:00:22 ; elapsed = 00:00:09 . Memory (MB): peak = 732.707 ; gain = 127.465
update_compile_order -fileset sources_1
exit
INFO: [Common 17-206] Exiting Vivado at Sat Aug  1 07:18:31 2020...
